<?xml version="1.0" encoding="UTF-8"?>
<!-- Generated by org.testng.reporters.JUnitReportReporter -->
<testsuite hostname="DESKTOP-K2DT254" failures="0" tests="1" name="practice.Test2" time="53.338" errors="0" timestamp="2024-10-28T17:49:39 IST" skipped="0">
  <testcase classname="practice.Test2" name="liveTracking" time="53.338"/>
  <system-out/>
</testsuite> <!-- practice.Test2 -->
