<?xml version="1.0" encoding="UTF-8"?>
<!-- Generated by org.testng.reporters.JUnitReportReporter -->
<testsuite hostname="DESKTOP-K2DT254" failures="0" tests="3" name="day44DependencyMethods.LoginTests" time="0.008" errors="0" timestamp="2024-10-03T17:57:58 IST" skipped="0">
  <testcase classname="day44DependencyMethods.LoginTests" name="loginByEmail" time="0.006"/>
  <system-out/>
  <testcase classname="day44DependencyMethods.LoginTests" name="loginByFacebook" time="0.001"/>
  <system-out/>
  <testcase classname="day44DependencyMethods.LoginTests" name="loginByTwitter" time="0.001"/>
  <system-out/>
</testsuite> <!-- day44DependencyMethods.LoginTests -->
