<?xml version="1.0" encoding="UTF-8"?>
<!-- Generated by org.testng.reporters.JUnitReportReporter -->
<testsuite hostname="DESKTOP-K2DT254" failures="0" tests="3" name="day44DependencyMethods.SignUpTests" time="0.002" errors="0" timestamp="2024-10-03T17:57:58 IST" skipped="0">
  <testcase classname="day44DependencyMethods.SignUpTests" name="signupByEmail" time="0.000"/>
  <system-out/>
  <testcase classname="day44DependencyMethods.SignUpTests" name="signupByFacebook" time="0.001"/>
  <system-out/>
  <testcase classname="day44DependencyMethods.SignUpTests" name="signupByTwitter" time="0.001"/>
  <system-out/>
</testsuite> <!-- day44DependencyMethods.SignUpTests -->
