<?xml version="1.0" encoding="UTF-8"?>
<!-- Generated by org.testng.reporters.JUnitReportReporter -->
<testsuite hostname="DESKTOP-K2DT254" failures="0" tests="9" name="day45dataprovider.ParamTest" time="1.475" errors="0" timestamp="2024-10-07T17:28:33 IST" skipped="0">
  <testcase classname="day45dataprovider.ParamTest" name="testLogo" time="0.634"/>
  <system-out/>
  <testcase classname="day45dataprovider.ParamTest" name="testLogo" time="0.099"/>
  <system-out/>
  <testcase classname="day45dataprovider.ParamTest" name="testLogo" time="0.693"/>
  <system-out/>
  <testcase classname="day45dataprovider.ParamTest" name="testTitle" time="0.007"/>
  <system-out/>
  <testcase classname="day45dataprovider.ParamTest" name="testTitle" time="0.010"/>
  <system-out/>
  <testcase classname="day45dataprovider.ParamTest" name="testTitle" time="0.012"/>
  <system-out/>
  <testcase classname="day45dataprovider.ParamTest" name="testURL" time="0.008"/>
  <system-out/>
  <testcase classname="day45dataprovider.ParamTest" name="testURL" time="0.007"/>
  <system-out/>
  <testcase classname="day45dataprovider.ParamTest" name="testURL" time="0.005"/>
  <system-out/>
</testsuite> <!-- day45dataprovider.ParamTest -->
