<?xml version="1.0" encoding="UTF-8"?>
<!-- Generated by org.testng.reporters.JUnitReportReporter -->
<testsuite hostname="DESKTOP-K2DT254" failures="0" tests="2" name="day44DependencyMethods.PaymentTests" time="0.003" errors="0" timestamp="2024-10-03T17:57:58 IST" skipped="0">
  <testcase classname="day44DependencyMethods.PaymentTests" name="paymentinRupees" time="0.002"/>
  <system-out/>
  <testcase classname="day44DependencyMethods.PaymentTests" name="paymentinDollars" time="0.001"/>
  <system-out/>
</testsuite> <!-- day44DependencyMethods.PaymentTests -->
