<?xml version="1.0" encoding="UTF-8"?>
<!-- Generated by org.testng.reporters.JUnitReportReporter -->
<testsuite hostname="DESKTOP-K2DT254" failures="0" tests="1" name="day47pageObjectModel.LoginTest" time="2.608" errors="0" timestamp="2024-10-14T12:58:58 IST" skipped="0">
  <testcase classname="day47pageObjectModel.LoginTest" name="testLogin" time="2.608"/>
  <system-out/>
</testsuite> <!-- day47pageObjectModel.LoginTest -->
