<?xml version="1.0" encoding="UTF-8"?>
<!-- Generated by org.testng.reporters.JUnitReportReporter -->
<testsuite hostname="DESKTOP-K2DT254" failures="0" tests="2" name="test43pack.AllAnnotations" time="0.012" errors="0" timestamp="2024-09-25T11:25:28 IST" skipped="0">
  <testcase classname="test43pack.AllAnnotations" name="tm1" time="0.008"/>
  <system-out/>
  <testcase classname="test43pack.AllAnnotations" name="tm2" time="0.004"/>
  <system-out/>
</testsuite> <!-- test43pack.AllAnnotations -->
