<?xml version="1.0" encoding="UTF-8"?>
<!-- Generated by org.testng.reporters.JUnitReportReporter -->
<testsuite hostname="DESKTOP-K2DT254" failures="0" tests="1" name="test43annotations.TestNGcheck" time="0.007" errors="0" timestamp="2024-09-27T12:37:24 IST" skipped="0">
  <testcase classname="test43annotations.TestNGcheck" name="testTitle" time="0.007"/>
  <system-out/>
</testsuite> <!-- test43annotations.TestNGcheck -->
