<?xml version="1.0" encoding="UTF-8"?>
<!-- Generated by org.testng.reporters.JUnitReportReporter -->
<testsuite hostname="DESKTOP-K2DT254" failures="0" tests="2" name="test43pack.C1" time="0.012" errors="0" timestamp="2024-09-24T16:23:54 IST" skipped="0">
  <testcase classname="test43pack.C1" name="abc" time="0.009"/>
  <system-out/>
  <testcase classname="test43pack.C1" name="abc" time="0.003"/>
  <system-out/>
</testsuite> <!-- test43pack.C1 -->
