<?xml version="1.0" encoding="UTF-8"?>
<!-- Generated by org.testng.reporters.JUnitReportReporter -->
<testsuite hostname="DESKTOP-K2DT254" failures="0" tests="2" name="test43annotations.AnnotationsDemo2" time="0.005" errors="0" timestamp="2024-09-20T18:36:56 IST" skipped="0">
  <testcase classname="test43annotations.AnnotationsDemo2" name="search" time="0.003"/>
  <system-out/>
  <testcase classname="test43annotations.AnnotationsDemo2" name="advancedsearch" time="0.002"/>
  <system-out/>
</testsuite> <!-- test43annotations.AnnotationsDemo2 -->
