<?xml version="1.0" encoding="UTF-8"?>
<!-- Generated by org.testng.reporters.JUnitReportReporter -->
<testsuite hostname="DESKTOP-K2DT254" failures="0" tests="3" name="day45dataprovider.DataProviderDemo" time="19.202" errors="0" timestamp="2024-10-07T12:30:05 IST" skipped="0">
  <testcase classname="day45dataprovider.DataProviderDemo" name="testLogin" time="5.257"/>
  <system-out/>
  <testcase classname="day45dataprovider.DataProviderDemo" name="testLogin" time="9.078"/>
  <system-out/>
  <testcase classname="day45dataprovider.DataProviderDemo" name="testLogin" time="4.867"/>
  <system-out/>
</testsuite> <!-- day45dataprovider.DataProviderDemo -->
