<?xml version="1.0" encoding="UTF-8"?>
<!-- Generated by org.testng.reporters.JUnitReportReporter -->
<testsuite hostname="DESKTOP-K2DT254" failures="0" tests="3" name="test42NG.FirstTestCase" time="0.009" errors="0" timestamp="2024-09-20T16:14:21 IST" skipped="0">
  <testcase classname="test42NG.FirstTestCase" name="openapp" time="0.002"/>
  <system-out/>
  <testcase classname="test42NG.FirstTestCase" name="login" time="0.003"/>
  <system-out/>
  <testcase classname="test42NG.FirstTestCase" name="logout" time="0.004"/>
  <system-out/>
</testsuite> <!-- test42NG.FirstTestCase -->
