<?xml version="1.0" encoding="UTF-8"?>
<!-- Generated by org.testng.reporters.JUnitReportReporter -->
<testsuite hostname="DESKTOP-K2DT254" failures="0" tests="4" name="test42NG.OrangeHRMTest1" time="29.161" errors="0" timestamp="2024-09-20T16:14:21 IST" skipped="0">
  <testcase classname="test42NG.OrangeHRMTest1" name="openapp" time="23.991"/>
  <system-out/>
  <testcase classname="test42NG.OrangeHRMTest1" name="testlogo" time="3.056"/>
  <system-out/>
  <testcase classname="test42NG.OrangeHRMTest1" name="testlogin" time="1.516"/>
  <system-out/>
  <testcase classname="test42NG.OrangeHRMTest1" name="testlogout" time="0.598"/>
  <system-out/>
</testsuite> <!-- test42NG.OrangeHRMTest1 -->
