<?xml version="1.0" encoding="UTF-8"?>
<!-- Generated by org.testng.reporters.JUnitReportReporter -->
<testsuite hostname="DESKTOP-K2DT254" failures="0" tests="2" name="test43annotations.AnnotationsDemo1" time="0.009" errors="0" timestamp="2024-09-20T18:11:35 IST" skipped="0">
  <testcase classname="test43annotations.AnnotationsDemo1" name="search" time="0.007"/>
  <system-out/>
  <testcase classname="test43annotations.AnnotationsDemo1" name="advancedsearch" time="0.002"/>
  <system-out/>
</testsuite> <!-- test43annotations.AnnotationsDemo1 -->
