<?xml version="1.0" encoding="UTF-8"?>
<!-- Generated by org.testng.reporters.JUnitReportReporter -->
<testsuite hostname="DESKTOP-K2DT254" failures="0" tests="1" name="day43Assertions.AssertionsDemo" time="0.009" errors="0" timestamp="2024-09-30T10:06:38 IST" skipped="0">
  <testcase classname="day43Assertions.AssertionsDemo" name="testTitle" time="0.009"/>
  <system-out/>
</testsuite> <!-- day43Assertions.AssertionsDemo -->
